{"/mnt/c/Users/cokue/dev/frontend-project-46/src/index.js": {"path":"/mnt/c/Users/cokue/dev/frontend-project-46/src/index.js","all":false,"statementMap":{"0":{"start":{"line":1,"column":0},"end":{"line":1,"column":38}},"1":{"start":{"line":2,"column":0},"end":{"line":2,"column":35}},"2":{"start":{"line":3,"column":0},"end":{"line":3,"column":39}},"3":{"start":{"line":4,"column":0},"end":{"line":4,"column":36}},"4":{"start":{"line":5,"column":0},"end":{"line":5,"column":23}},"5":{"start":{"line":6,"column":0},"end":{"line":6,"column":0}},"6":{"start":{"line":7,"column":0},"end":{"line":7,"column":59}},"7":{"start":{"line":8,"column":0},"end":{"line":8,"column":0}},"8":{"start":{"line":9,"column":0},"end":{"line":9,"column":55}},"9":{"start":{"line":10,"column":0},"end":{"line":10,"column":0}},"10":{"start":{"line":11,"column":0},"end":{"line":11,"column":46}},"11":{"start":{"line":12,"column":0},"end":{"line":12,"column":0}},"12":{"start":{"line":13,"column":0},"end":{"line":13,"column":46}},"13":{"start":{"line":14,"column":0},"end":{"line":14,"column":35}},"14":{"start":{"line":15,"column":0},"end":{"line":15,"column":35}},"15":{"start":{"line":16,"column":0},"end":{"line":16,"column":0}},"16":{"start":{"line":17,"column":0},"end":{"line":17,"column":47}},"17":{"start":{"line":18,"column":0},"end":{"line":18,"column":0}},"18":{"start":{"line":19,"column":0},"end":{"line":19,"column":51}},"19":{"start":{"line":20,"column":0},"end":{"line":20,"column":36}},"20":{"start":{"line":21,"column":0},"end":{"line":21,"column":30}},"21":{"start":{"line":22,"column":0},"end":{"line":22,"column":30}},"22":{"start":{"line":23,"column":0},"end":{"line":23,"column":0}},"23":{"start":{"line":24,"column":0},"end":{"line":24,"column":36}},"24":{"start":{"line":25,"column":0},"end":{"line":25,"column":14}},"25":{"start":{"line":26,"column":0},"end":{"line":26,"column":26}},"26":{"start":{"line":27,"column":0},"end":{"line":27,"column":12}},"27":{"start":{"line":28,"column":0},"end":{"line":28,"column":22}},"28":{"start":{"line":29,"column":0},"end":{"line":29,"column":8}},"29":{"start":{"line":30,"column":0},"end":{"line":30,"column":5}},"30":{"start":{"line":31,"column":0},"end":{"line":31,"column":48}},"31":{"start":{"line":32,"column":0},"end":{"line":32,"column":14}},"32":{"start":{"line":33,"column":0},"end":{"line":33,"column":24}},"33":{"start":{"line":34,"column":0},"end":{"line":34,"column":12}},"34":{"start":{"line":35,"column":0},"end":{"line":35,"column":15}},"35":{"start":{"line":36,"column":0},"end":{"line":36,"column":15}},"36":{"start":{"line":37,"column":0},"end":{"line":37,"column":8}},"37":{"start":{"line":38,"column":0},"end":{"line":38,"column":5}},"38":{"start":{"line":39,"column":0},"end":{"line":39,"column":37}},"39":{"start":{"line":40,"column":0},"end":{"line":40,"column":14}},"40":{"start":{"line":41,"column":0},"end":{"line":41,"column":24}},"41":{"start":{"line":42,"column":0},"end":{"line":42,"column":12}},"42":{"start":{"line":43,"column":0},"end":{"line":43,"column":22}},"43":{"start":{"line":44,"column":0},"end":{"line":44,"column":8}},"44":{"start":{"line":45,"column":0},"end":{"line":45,"column":5}},"45":{"start":{"line":46,"column":0},"end":{"line":46,"column":37}},"46":{"start":{"line":47,"column":0},"end":{"line":47,"column":14}},"47":{"start":{"line":48,"column":0},"end":{"line":48,"column":22}},"48":{"start":{"line":49,"column":0},"end":{"line":49,"column":12}},"49":{"start":{"line":50,"column":0},"end":{"line":50,"column":22}},"50":{"start":{"line":51,"column":0},"end":{"line":51,"column":8}},"51":{"start":{"line":52,"column":0},"end":{"line":52,"column":5}},"52":{"start":{"line":53,"column":0},"end":{"line":53,"column":5}},"53":{"start":{"line":54,"column":0},"end":{"line":54,"column":22}},"54":{"start":{"line":55,"column":0},"end":{"line":55,"column":16}},"55":{"start":{"line":56,"column":0},"end":{"line":56,"column":2}},"56":{"start":{"line":57,"column":0},"end":{"line":57,"column":0}},"57":{"start":{"line":58,"column":0},"end":{"line":58,"column":43}},"58":{"start":{"line":59,"column":0},"end":{"line":59,"column":49}},"59":{"start":{"line":60,"column":0},"end":{"line":60,"column":49}},"60":{"start":{"line":61,"column":0},"end":{"line":61,"column":0}},"61":{"start":{"line":62,"column":0},"end":{"line":62,"column":83}},"62":{"start":{"line":63,"column":0},"end":{"line":63,"column":34}},"63":{"start":{"line":64,"column":0},"end":{"line":64,"column":48}},"64":{"start":{"line":65,"column":0},"end":{"line":65,"column":31}},"65":{"start":{"line":66,"column":0},"end":{"line":66,"column":23}},"66":{"start":{"line":67,"column":0},"end":{"line":67,"column":21}},"67":{"start":{"line":68,"column":0},"end":{"line":68,"column":48}},"68":{"start":{"line":69,"column":0},"end":{"line":69,"column":23}},"69":{"start":{"line":70,"column":0},"end":{"line":70,"column":48}},"70":{"start":{"line":71,"column":0},"end":{"line":71,"column":21}},"71":{"start":{"line":72,"column":0},"end":{"line":72,"column":82}},"72":{"start":{"line":73,"column":0},"end":{"line":73,"column":19}},"73":{"start":{"line":74,"column":0},"end":{"line":74,"column":48}},"74":{"start":{"line":75,"column":0},"end":{"line":75,"column":14}},"75":{"start":{"line":76,"column":0},"end":{"line":76,"column":20}},"76":{"start":{"line":77,"column":0},"end":{"line":77,"column":5}},"77":{"start":{"line":78,"column":0},"end":{"line":78,"column":5}},"78":{"start":{"line":79,"column":0},"end":{"line":79,"column":47}},"79":{"start":{"line":80,"column":0},"end":{"line":80,"column":38}},"80":{"start":{"line":81,"column":0},"end":{"line":81,"column":2}},"81":{"start":{"line":82,"column":0},"end":{"line":82,"column":0}},"82":{"start":{"line":83,"column":0},"end":{"line":83,"column":23}}},"s":{"0":1,"1":1,"2":1,"3":1,"4":1,"5":1,"6":1,"7":1,"8":1,"9":1,"10":1,"11":1,"12":1,"13":1,"14":1,"15":1,"16":1,"17":1,"18":1,"19":1,"20":5,"21":5,"22":5,"23":5,"24":1,"25":1,"26":1,"27":1,"28":1,"29":1,"30":5,"31":1,"32":1,"33":1,"34":1,"35":1,"36":1,"37":1,"38":5,"39":2,"40":2,"41":2,"42":2,"43":2,"44":2,"45":1,"46":1,"47":1,"48":1,"49":1,"50":1,"51":1,"52":1,"53":1,"54":1,"55":1,"56":1,"57":1,"58":1,"59":1,"60":1,"61":1,"62":1,"63":1,"64":5,"65":5,"66":5,"67":2,"68":5,"69":1,"70":5,"71":1,"72":5,"73":1,"74":5,"75":0,"76":5,"77":1,"78":1,"79":1,"80":1,"81":1,"82":1},"branchMap":{"0":{"type":"branch","line":7,"loc":{"start":{"line":7,"column":21},"end":{"line":7,"column":58}},"locations":[{"start":{"line":7,"column":21},"end":{"line":7,"column":58}}]},"1":{"type":"branch","line":9,"loc":{"start":{"line":9,"column":18},"end":{"line":9,"column":54}},"locations":[{"start":{"line":9,"column":18},"end":{"line":9,"column":54}}]},"2":{"type":"branch","line":11,"loc":{"start":{"line":11,"column":20},"end":{"line":11,"column":45}},"locations":[{"start":{"line":11,"column":20},"end":{"line":11,"column":45}}]},"3":{"type":"branch","line":13,"loc":{"start":{"line":13,"column":27},"end":{"line":56,"column":2}},"locations":[{"start":{"line":13,"column":27},"end":{"line":56,"column":2}}]},"4":{"type":"branch","line":20,"loc":{"start":{"line":20,"column":27},"end":{"line":53,"column":3}},"locations":[{"start":{"line":20,"column":27},"end":{"line":53,"column":3}}]},"5":{"type":"branch","line":24,"loc":{"start":{"line":24,"column":35},"end":{"line":30,"column":5}},"locations":[{"start":{"line":24,"column":35},"end":{"line":30,"column":5}}]},"6":{"type":"branch","line":30,"loc":{"start":{"line":30,"column":4},"end":{"line":31,"column":18}},"locations":[{"start":{"line":30,"column":4},"end":{"line":31,"column":18}}]},"7":{"type":"branch","line":31,"loc":{"start":{"line":31,"column":14},"end":{"line":31,"column":24}},"locations":[{"start":{"line":31,"column":14},"end":{"line":31,"column":24}}]},"8":{"type":"branch","line":31,"loc":{"start":{"line":31,"column":24},"end":{"line":31,"column":45}},"locations":[{"start":{"line":31,"column":24},"end":{"line":31,"column":45}}]},"9":{"type":"branch","line":31,"loc":{"start":{"line":31,"column":47},"end":{"line":38,"column":5}},"locations":[{"start":{"line":31,"column":47},"end":{"line":38,"column":5}}]},"10":{"type":"branch","line":38,"loc":{"start":{"line":38,"column":4},"end":{"line":39,"column":36}},"locations":[{"start":{"line":38,"column":4},"end":{"line":39,"column":36}}]},"11":{"type":"branch","line":39,"loc":{"start":{"line":39,"column":36},"end":{"line":45,"column":5}},"locations":[{"start":{"line":39,"column":36},"end":{"line":45,"column":5}}]},"12":{"type":"branch","line":45,"loc":{"start":{"line":45,"column":4},"end":{"line":52,"column":5}},"locations":[{"start":{"line":45,"column":4},"end":{"line":52,"column":5}}]},"13":{"type":"branch","line":58,"loc":{"start":{"line":58,"column":16},"end":{"line":81,"column":2}},"locations":[{"start":{"line":58,"column":16},"end":{"line":81,"column":2}}]},"14":{"type":"branch","line":64,"loc":{"start":{"line":64,"column":38},"end":{"line":78,"column":3}},"locations":[{"start":{"line":64,"column":38},"end":{"line":78,"column":3}}]},"15":{"type":"branch","line":67,"loc":{"start":{"line":67,"column":6},"end":{"line":68,"column":48}},"locations":[{"start":{"line":67,"column":6},"end":{"line":68,"column":48}}]},"16":{"type":"branch","line":69,"loc":{"start":{"line":69,"column":6},"end":{"line":70,"column":48}},"locations":[{"start":{"line":69,"column":6},"end":{"line":70,"column":48}}]},"17":{"type":"branch","line":71,"loc":{"start":{"line":71,"column":6},"end":{"line":72,"column":82}},"locations":[{"start":{"line":71,"column":6},"end":{"line":72,"column":82}}]},"18":{"type":"branch","line":73,"loc":{"start":{"line":73,"column":6},"end":{"line":74,"column":48}},"locations":[{"start":{"line":73,"column":6},"end":{"line":74,"column":48}}]},"19":{"type":"branch","line":75,"loc":{"start":{"line":75,"column":6},"end":{"line":76,"column":20}},"locations":[{"start":{"line":75,"column":6},"end":{"line":76,"column":20}}]}},"b":{"0":[2],"1":[2],"2":[2],"3":[1],"4":[5],"5":[1],"6":[4],"7":[2],"8":[1],"9":[1],"10":[3],"11":[2],"12":[1],"13":[1],"14":[5],"15":[2],"16":[1],"17":[1],"18":[1],"19":[0]},"fnMap":{"0":{"name":"getfilepath","decl":{"start":{"line":7,"column":21},"end":{"line":7,"column":58}},"loc":{"start":{"line":7,"column":21},"end":{"line":7,"column":58}},"line":7},"1":{"name":"readFile","decl":{"start":{"line":9,"column":18},"end":{"line":9,"column":54}},"loc":{"start":{"line":9,"column":18},"end":{"line":9,"column":54}},"line":9},"2":{"name":"parsesFile","decl":{"start":{"line":11,"column":20},"end":{"line":11,"column":45}},"loc":{"start":{"line":11,"column":20},"end":{"line":11,"column":45}},"line":11},"3":{"name":"getDiffInformation","decl":{"start":{"line":13,"column":27},"end":{"line":56,"column":2}},"loc":{"start":{"line":13,"column":27},"end":{"line":56,"column":2}},"line":13},"4":{"name":"gendiff","decl":{"start":{"line":58,"column":16},"end":{"line":81,"column":2}},"loc":{"start":{"line":58,"column":16},"end":{"line":81,"column":2}},"line":58}},"f":{"0":2,"1":2,"2":2,"3":1,"4":1}}
}
