TN:
SF:src/index.js
FN:7,getfilepath
FN:9,readFile
FN:11,parsesFile
FN:13,getDiffInformation
FN:58,gendiff
FNF:5
FNH:5
FNDA:2,getfilepath
FNDA:2,readFile
FNDA:2,parsesFile
FNDA:1,getDiffInformation
FNDA:1,gendiff
DA:1,1
DA:2,1
DA:3,1
DA:4,1
DA:5,1
DA:6,1
DA:7,1
DA:8,1
DA:9,1
DA:10,1
DA:11,1
DA:12,1
DA:13,1
DA:14,1
DA:15,1
DA:16,1
DA:17,1
DA:18,1
DA:19,1
DA:20,1
DA:21,5
DA:22,5
DA:23,5
DA:24,5
DA:25,1
DA:26,1
DA:27,1
DA:28,1
DA:29,1
DA:30,1
DA:31,5
DA:32,1
DA:33,1
DA:34,1
DA:35,1
DA:36,1
DA:37,1
DA:38,1
DA:39,5
DA:40,2
DA:41,2
DA:42,2
DA:43,2
DA:44,2
DA:45,2
DA:46,1
DA:47,1
DA:48,1
DA:49,1
DA:50,1
DA:51,1
DA:52,1
DA:53,1
DA:54,1
DA:55,1
DA:56,1
DA:57,1
DA:58,1
DA:59,1
DA:60,1
DA:61,1
DA:62,1
DA:63,1
DA:64,1
DA:65,5
DA:66,5
DA:67,5
DA:68,2
DA:69,5
DA:70,1
DA:71,5
DA:72,1
DA:73,5
DA:74,1
DA:75,5
DA:76,0
DA:77,5
DA:78,1
DA:79,1
DA:80,1
DA:81,1
DA:82,1
DA:83,1
LF:83
LH:82
BRDA:7,0,0,2
BRDA:9,1,0,2
BRDA:11,2,0,2
BRDA:13,3,0,1
BRDA:20,4,0,5
BRDA:24,5,0,1
BRDA:30,6,0,4
BRDA:31,7,0,2
BRDA:31,8,0,1
BRDA:31,9,0,1
BRDA:38,10,0,3
BRDA:39,11,0,2
BRDA:45,12,0,1
BRDA:58,13,0,1
BRDA:64,14,0,5
BRDA:67,15,0,2
BRDA:69,16,0,1
BRDA:71,17,0,1
BRDA:73,18,0,1
BRDA:75,19,0,0
BRF:20
BRH:19
end_of_record
